04/06/2022 15:50 | Level_1.0 | 0h 1m 33s
04/06/2022 15:57 | Level_1.0 | 0h 1m 44s
04/06/2022 16:02 | Level_1.0 | 0h 1m 55s
04/06/2022 16:05 | Level_1.0 | 0h 1m 59s
04/06/2022 16:07 | Level_1.0 | 0h 1m 56s
04/06/2022 18:16 | Level_1.0 | 0h 2m 21s
04/06/2022 18:22 | Level_1.0 | 0h 2m 34s
04/06/2022 23:13 | Level_1.0 | 0h 5m 31s
02/26/2023 15:51 | Level_1.0 | 0h 1m 52s
05/18/2023 20:26 | SampleScene | 0h 0m 30s
05/18/2023 20:30 | SampleScene | 0h 0m 28s
05/18/2023 20:34 | SampleScene | 0h 0m 28s
05/18/2023 20:37 | SampleScene | 0h 0m 28s
05/19/2023 00:59 | SampleScene | 0h 0m 31s
06/04/2023 02:23 | Tutorial | 0h 0m 34s
06/04/2023 17:23 | Tutorial | 0h 0m 29s
06/04/2023 17:32 | Tutorial | 0h 0m 27s
06/06/2023 18:52 | Tutorial | 0h 1m 26s
06/06/2023 18:56 | Tutorial | 0h 1m 33s
06/06/2023 20:24 | Tutorial | 0h 4m 52s
06/06/2023 20:44 | Tutorial | 0h 5m 12s
06/06/2023 21:45 | Tutorial | 0h 5m 51s
06/06/2023 22:23 | Tutorial | 0h 5m 20s
06/07/2023 15:14 | Tutorial | 0h 5m 4s
03/17/2024 12:27 | Playground | 0h 3m 7s
03/17/2024 12:32 | Playground | 0h 3m 16s
03/24/2024 22:28 | Tutorial_parkour | 0h 0m 30s
