Using pre-set license
Built from '2022.3/staging' branch; Version is '2022.3.21f1 (bf09ca542b87) revision 12519882'; Using compiler version '192829333'; Build Type 'Release'
OS: 'Windows 10  (10.0.19045) 64bit Professional' Language: 'en' Physical Memory: 31895 MB
BatchMode: 1, IsHumanControllingUs: 0, StartBugReporterOnCrash: 0, Is64bit: 1, IsPro: 1

COMMAND LINE ARGUMENTS:
C:\Program Files\Unity\Hub\Editor\2022.3.21f1\Editor\Unity.exe
-adb2
-batchMode
-noUpm
-name
AssetImportWorker1
-projectPath
C:/Users/Girali/Documents/Datum
-logFile
Logs/AssetImportWorker1.log
-srvPort
50292
Successfully changed project path to: C:/Users/Girali/Documents/Datum
C:/Users/Girali/Documents/Datum
[UnityMemory] Configuration Parameters - Can be set up in boot.config
    "memorysetup-bucket-allocator-granularity=16"
    "memorysetup-bucket-allocator-bucket-count=8"
    "memorysetup-bucket-allocator-block-size=33554432"
    "memorysetup-bucket-allocator-block-count=8"
    "memorysetup-main-allocator-block-size=16777216"
    "memorysetup-thread-allocator-block-size=16777216"
    "memorysetup-gfx-main-allocator-block-size=16777216"
    "memorysetup-gfx-thread-allocator-block-size=16777216"
    "memorysetup-cache-allocator-block-size=4194304"
    "memorysetup-typetree-allocator-block-size=2097152"
    "memorysetup-profiler-bucket-allocator-granularity=16"
    "memorysetup-profiler-bucket-allocator-bucket-count=8"
    "memorysetup-profiler-bucket-allocator-block-size=33554432"
    "memorysetup-profiler-bucket-allocator-block-count=8"
    "memorysetup-profiler-allocator-block-size=16777216"
    "memorysetup-profiler-editor-allocator-block-size=1048576"
    "memorysetup-temp-allocator-size-main=16777216"
    "memorysetup-job-temp-allocator-block-size=2097152"
    "memorysetup-job-temp-allocator-block-size-background=1048576"
    "memorysetup-job-temp-allocator-reduction-small-platforms=262144"
    "memorysetup-allocator-temp-initial-block-size-main=262144"
    "memorysetup-allocator-temp-initial-block-size-worker=262144"
    "memorysetup-temp-allocator-size-background-worker=32768"
    "memorysetup-temp-allocator-size-job-worker=262144"
    "memorysetup-temp-allocator-size-preload-manager=33554432"
    "memorysetup-temp-allocator-size-nav-mesh-worker=65536"
    "memorysetup-temp-allocator-size-audio-worker=65536"
    "memorysetup-temp-allocator-size-cloud-worker=32768"
    "memorysetup-temp-allocator-size-gi-baking-worker=262144"
    "memorysetup-temp-allocator-size-gfx=262144"
Player connection [26276] Host "[IP] 192.168.1.1 [Port] 0 [Flags] 2 [Guid] 2210373168 [EditorId] 2210373168 [Version] 1048832 [Id] WindowsEditor(7,DESKTOP-RI9E7BD) [Debug] 1 [PackageName] WindowsEditor [ProjectName] Editor" joined multi-casting on [225.0.0.222:54997]...

Player connection [26276] Host "[IP] 192.168.1.1 [Port] 0 [Flags] 2 [Guid] 2210373168 [EditorId] 2210373168 [Version] 1048832 [Id] WindowsEditor(7,DESKTOP-RI9E7BD) [Debug] 1 [PackageName] WindowsEditor [ProjectName] Editor" joined alternative multi-casting on [225.0.0.222:34997]...

[Physics::Module] Initialized MultithreadedJobDispatcher with 23 workers.
Refreshing native plugins compatible for Editor in 21.85 ms, found 33 plugins.
Preloading 1 native plugins for Editor in 0.38 ms.
Initialize engine version: 2022.3.21f1 (bf09ca542b87)
[Subsystems] Discovering subsystems at path C:/Program Files/Unity/Hub/Editor/2022.3.21f1/Editor/Data/Resources/UnitySubsystems
[Subsystems] Discovering subsystems at path C:/Users/Girali/Documents/Datum/Assets
GfxDevice: creating device client; threaded=0; jobified=0
Direct3D:
    Version:  Direct3D 11.0 [level 11.1]
    Renderer: NVIDIA GeForce RTX 3050 (ID=0x2507)
    Vendor:   NVIDIA
    VRAM:     8056 MB
    Driver:   31.0.15.3758
Initialize mono
Mono path[0] = 'C:/Program Files/Unity/Hub/Editor/2022.3.21f1/Editor/Data/Managed'
Mono path[1] = 'C:/Program Files/Unity/Hub/Editor/2022.3.21f1/Editor/Data/MonoBleedingEdge/lib/mono/unityjit-win32'
Mono config path = 'C:/Program Files/Unity/Hub/Editor/2022.3.21f1/Editor/Data/MonoBleedingEdge/etc'
Using monoOptions --debugger-agent=transport=dt_socket,embedding=1,server=y,suspend=n,address=127.0.0.1:56756
Begin MonoManager ReloadAssembly
Registering precompiled unity dll's ...
Register platform support module: C:/Program Files/Unity/Hub/Editor/2022.3.21f1/Editor/Data/PlaybackEngines/AndroidPlayer/UnityEditor.Android.Extensions.dll
Register platform support module: C:/Program Files/Unity/Hub/Editor/2022.3.21f1/Editor/Data/PlaybackEngines/WindowsStandaloneSupport/UnityEditor.WindowsStandalone.Extensions.dll
Registered in 0.006310 seconds.
- Loaded All Assemblies, in  0.219 seconds
Native extension for WindowsStandalone target not found
Native extension for Android target not found
Android Extension - Scanning For ADB Devices 1205 ms
Mono: successfully reloaded assembly
- Finished resetting the current domain, in  1.405 seconds
Domain Reload Profiling: 1623ms
	BeginReloadAssembly (70ms)
		ExecutionOrderSort (0ms)
		DisableScriptedObjects (0ms)
		BackupInstance (0ms)
		ReleaseScriptingObjects (0ms)
		CreateAndSetChildDomain (0ms)
	RebuildCommonClasses (20ms)
	RebuildNativeTypeToScriptingClass (6ms)
	initialDomainReloadingComplete (37ms)
	LoadAllAssembliesAndSetupDomain (84ms)
		LoadAssemblies (69ms)
		RebuildTransferFunctionScriptingTraits (0ms)
		AnalyzeDomain (82ms)
			TypeCache.Refresh (82ms)
				TypeCache.ScanAssembly (74ms)
			ScanForSourceGeneratedMonoScriptInfo (0ms)
			ResolveRequiredComponents (0ms)
	FinalizeReload (1405ms)
		ReleaseScriptCaches (0ms)
		RebuildScriptCaches (0ms)
		SetupLoadedEditorAssemblies (1371ms)
			LogAssemblyErrors (0ms)
			InitializePlatformSupportModulesInManaged (1275ms)
			SetLoadedEditorAssemblies (2ms)
			RefreshPlugins (0ms)
			BeforeProcessingInitializeOnLoad (1ms)
			ProcessInitializeOnLoadAttributes (67ms)
			ProcessInitializeOnLoadMethodAttributes (25ms)
			AfterProcessingInitializeOnLoad (0ms)
			EditorAssembliesLoaded (0ms)
		ExecutionOrderSort2 (0ms)
		AwakeInstancesAfterBackupRestoration (0ms)
========================================================================
Worker process is ready to serve import requests
Begin MonoManager ReloadAssembly
- Loaded All Assemblies, in  0.465 seconds
Refreshing native plugins compatible for Editor in 14.75 ms, found 33 plugins.
Native extension for WindowsStandalone target not found
Native extension for Android target not found
Package Manager log level set to [2]
[Package Manager] Server::EnsureServerProcessIsRunning -- launch failed, reason: Unity was launched with the -noUpm command-line argument
[Package Manager] UpmClient::Send -- Unable to send message (not connected to UPM process).
[Package Manager] Cannot connect to Unity Package Manager local server
[Package Manager] Server::EnsureServerProcessIsRunning -- launch failed, reason: Unity was launched with the -noUpm command-line argument
[Package Manager] UpmClient::Send -- Unable to send message (not connected to UPM process).
[Package Manager] Cannot connect to Unity Package Manager local server
Launched and connected shader compiler UnityShaderCompiler.exe after 0.03 seconds
System.Reflection.TargetInvocationException: Exception has been thrown by the target of an invocation. ---> System.NullReferenceException: Object reference not set to an instance of an object
  at Unity.XR.Oculus.OculusLoader.AssetPathToAbsolutePath (System.String assetPath) [0x00044] in .\Library\PackageCache\com.unity.xr.oculus@4.2.0\Runtime\OculusLoader.cs:298 
  at Unity.XR.Oculus.OculusLoader.EditorLoadOVRPlugin () [0x000dd] in .\Library\PackageCache\com.unity.xr.oculus@4.2.0\Runtime\OculusLoader.cs:283 
  at (wrapper managed-to-native) System.Reflection.RuntimeMethodInfo.InternalInvoke(System.Reflection.RuntimeMethodInfo,object,object[],System.Exception&)
  at System.Reflection.RuntimeMethodInfo.Invoke (System.Object obj, System.Reflection.BindingFlags invokeAttr, System.Reflection.Binder binder, System.Object[] parameters, System.Globalization.CultureInfo culture) [0x0006a] in <4b234520e36749be9cf6b053d911690f>:0 
   --- End of inner exception stack trace ---
  at System.Reflection.RuntimeMethodInfo.Invoke (System.Object obj, System.Reflection.BindingFlags invokeAttr, System.Reflection.Binder binder, System.Object[] parameters, System.Globalization.CultureInfo culture) [0x00083] in <4b234520e36749be9cf6b053d911690f>:0 
  at System.Reflection.MethodBase.Invoke (System.Object obj, System.Object[] parameters) [0x00000] in <4b234520e36749be9cf6b053d911690f>:0 
  at UnityEditor.EditorAssemblies.ProcessInitializeOnLoadMethodAttributes () [0x000a5] in <24e1ed8728684ea3ae446f80787d18de>:0 
UnityEngine.StackTraceUtility:ExtractStackTrace ()
UnityEngine.DebugLogHandler:LogFormat (UnityEngine.LogType,UnityEngine.Object,string,object[])
UnityEngine.Logger:Log (UnityEngine.LogType,object)
UnityEngine.Debug:LogError (object)
UnityEditor.EditorAssemblies:ProcessInitializeOnLoadMethodAttributes ()

Mono: successfully reloaded assembly
[Package Manager] Server::EnsureServerProcessIsRunning -- launch failed, reason: Unity was launched with the -noUpm command-line argument
[Package Manager] UpmClient::Send -- Unable to send message (not connected to UPM process).
[Package Manager] Cannot connect to Unity Package Manager local server
[Package Manager] Server::EnsureServerProcessIsRunning -- launch failed, reason: Unity was launched with the -noUpm command-line argument
[Package Manager] UpmClient::Send -- Unable to send message (not connected to UPM process).
[Package Manager] Cannot connect to Unity Package Manager local server
- Finished resetting the current domain, in  0.851 seconds
Domain Reload Profiling: 1314ms
	BeginReloadAssembly (89ms)
		ExecutionOrderSort (0ms)
		DisableScriptedObjects (3ms)
		BackupInstance (0ms)
		ReleaseScriptingObjects (0ms)
		CreateAndSetChildDomain (17ms)
	RebuildCommonClasses (18ms)
	RebuildNativeTypeToScriptingClass (6ms)
	initialDomainReloadingComplete (18ms)
	LoadAllAssembliesAndSetupDomain (331ms)
		LoadAssemblies (245ms)
		RebuildTransferFunctionScriptingTraits (0ms)
		AnalyzeDomain (136ms)
			TypeCache.Refresh (108ms)
				TypeCache.ScanAssembly (96ms)
			ScanForSourceGeneratedMonoScriptInfo (19ms)
			ResolveRequiredComponents (8ms)
	FinalizeReload (852ms)
		ReleaseScriptCaches (0ms)
		RebuildScriptCaches (0ms)
		SetupLoadedEditorAssemblies (732ms)
			LogAssemblyErrors (0ms)
			InitializePlatformSupportModulesInManaged (16ms)
			SetLoadedEditorAssemblies (3ms)
			RefreshPlugins (0ms)
			BeforeProcessingInitializeOnLoad (87ms)
			ProcessInitializeOnLoadAttributes (314ms)
			ProcessInitializeOnLoadMethodAttributes (306ms)
			AfterProcessingInitializeOnLoad (6ms)
			EditorAssembliesLoaded (0ms)
		ExecutionOrderSort2 (0ms)
		AwakeInstancesAfterBackupRestoration (5ms)
Refreshing native plugins compatible for Editor in 14.29 ms, found 33 plugins.
Preloading 1 native plugins for Editor in 0.05 ms.
Unloading 5514 Unused Serialized files (Serialized files now loaded: 0)
Unloading 148 unused Assets / (1.0 MB). Loaded Objects now: 6034.
Memory consumption went from 323.8 MB to 322.7 MB.
Total: 15.532900 ms (FindLiveObjects: 0.371300 ms CreateObjectMapping: 0.110600 ms MarkObjects: 14.586500 ms  DeleteObjects: 0.463600 ms)

AssetImportParameters requested are different than current active one (requested -> active):
  custom:container-demuxer-ogg: 62fdf1f143b41e24485cea50d1cbac27 -> 
  custom:video-decoder-ogg-theora: a1e56fd34408186e4bbccfd4996cb3dc -> 
  custom:framework-win-MediaFoundation: 216162199b28c13a410421893ffa2e32 -> 
  custom:CustomObjectIndexerAttribute: 72b91833f83ae208fae7752999fa3104 -> 
  custom:container-demuxer-webm: 4f35f7cbe854078d1ac9338744f61a02 -> 
  custom:container-muxer-webm: aa71ff27fc2769a1b78a27578f13a17b -> 
  custom:video-decoder-webm-vp8: 9c59270c3fd7afecdb556c50c9e8de78 -> 
  custom:SearchIndexIgnoredProperties: e643bd26f0fe6173181afceb89e7c659 -> 
  custom:AudioImporter_EditorPlatform: d09bf68614088b80899f8185d706f6e7 -> 
  custom:video-encoder-webm-vp8: eb34c28f22e8b96e1ab97ce403110664 -> 
  custom:audio-decoder-ogg-vorbis: bf7c407c2cedff20999df2af8eb42d56 -> 
  custom:audio-encoder-webm-vorbis: bf7c407c2cedff20999df2af8eb42d56 -> 
========================================================================
Received Import Request.
  Time since last request: 1600.607375 seconds.
  path: Assets/PureMountain/Models/Rocks/Textures/Materials/Cliff02_Snow.mat
  artifactKey: Guid(c7027d55529f1ed4a8d652b8e48662e2) Importer(815301076,1909f56bfc062723c751e8b465ee728b)
Start importing Assets/PureMountain/Models/Rocks/Textures/Materials/Cliff02_Snow.mat using Guid(c7027d55529f1ed4a8d652b8e48662e2) Importer(815301076,1909f56bfc062723c751e8b465ee728b)  -> (artifact id: '7f3150ad154dea48a4e2bd97a96b1f44') in 0.178356 seconds
Number of updated asset objects reloaded before import = 0
Number of asset objects unloaded after import = 9
========================================================================
Received Import Request.
  Time since last request: 51.802026 seconds.
  path: Assets/Settings/Android.asset
  artifactKey: Guid(19ba41d7c0026c3459d37c2fe90c55a0) Importer(815301076,1909f56bfc062723c751e8b465ee728b)
Start importing Assets/Settings/Android.asset using Guid(19ba41d7c0026c3459d37c2fe90c55a0) Importer(815301076,1909f56bfc062723c751e8b465ee728b)  -> (artifact id: '02e906304db5f47a8ace37cbba3a6dfa') in 0.003601 seconds
Number of updated asset objects reloaded before import = 0
Number of asset objects unloaded after import = 4
========================================================================
Received Import Request.
  Time since last request: 0.003872 seconds.
  path: Assets/Settings/Atmosphere Definition.asset
  artifactKey: Guid(a55076dc67fc20843b4ae7853a5b5c08) Importer(815301076,1909f56bfc062723c751e8b465ee728b)
Start importing Assets/Settings/Atmosphere Definition.asset using Guid(a55076dc67fc20843b4ae7853a5b5c08) Importer(815301076,1909f56bfc062723c751e8b465ee728b)  -> (artifact id: '2cf07f734402df065a1e2a6463c3ae9a') in 0.001326 seconds
Number of updated asset objects reloaded before import = 0
Number of asset objects unloaded after import = 1
========================================================================
Received Import Request.
  Time since last request: 0.000093 seconds.
  path: Assets/Settings/PC.asset
  artifactKey: Guid(a31e9f9f9c9d4b9429ed0d1234e22103) Importer(815301076,1909f56bfc062723c751e8b465ee728b)
Start importing Assets/Settings/PC.asset using Guid(a31e9f9f9c9d4b9429ed0d1234e22103) Importer(815301076,1909f56bfc062723c751e8b465ee728b)  -> (artifact id: 'ca6fb9229a2ca5109fde8c37b13c097f') in 0.003239 seconds
Number of updated asset objects reloaded before import = 0
Number of asset objects unloaded after import = 4
========================================================================
Received Import Request.
  Time since last request: 0.000018 seconds.
  path: Assets/Settings/BakeryProjectSettings.asset
  artifactKey: Guid(d074ab5f88ced34458c71d765a1a35bb) Importer(815301076,1909f56bfc062723c751e8b465ee728b)
Start importing Assets/Settings/BakeryProjectSettings.asset using Guid(d074ab5f88ced34458c71d765a1a35bb) Importer(815301076,1909f56bfc062723c751e8b465ee728b)  -> (artifact id: 'a3418367eecd6eb63dc3ea7042a28e38') in 0.001182 seconds
Number of updated asset objects reloaded before import = 0
Number of asset objects unloaded after import = 1
========================================================================
Received Import Request.
  Time since last request: 0.000013 seconds.
  path: Assets/Settings/UniversalRP-MediumQuality.asset
  artifactKey: Guid(d847b876476d3d6468f5dfcd34266f96) Importer(815301076,1909f56bfc062723c751e8b465ee728b)
Start importing Assets/Settings/UniversalRP-MediumQuality.asset using Guid(d847b876476d3d6468f5dfcd34266f96) Importer(815301076,1909f56bfc062723c751e8b465ee728b)  -> (artifact id: '08aa167bc0d7653f012439aa415a2271') in 0.002451 seconds
Number of updated asset objects reloaded before import = 0
Number of asset objects unloaded after import = 4
========================================================================
Received Import Request.
  Time since last request: 0.000014 seconds.
  path: Assets/Settings/Player.physicMaterial
  artifactKey: Guid(93fc29456ace93e409ec0e1b69d087f5) Importer(815301076,1909f56bfc062723c751e8b465ee728b)
Start importing Assets/Settings/Player.physicMaterial using Guid(93fc29456ace93e409ec0e1b69d087f5) Importer(815301076,1909f56bfc062723c751e8b465ee728b)  -> (artifact id: 'ee2c322c67b28d7b9dd801b4b0f034fa') in 0.001181 seconds
Number of updated asset objects reloaded before import = 0
Number of asset objects unloaded after import = 1
========================================================================
Received Import Request.
  Time since last request: 0.000013 seconds.
  path: Assets/Settings/Sky Definition.asset
  artifactKey: Guid(fd1dab60c6b1bce48af4754ed1bea5e9) Importer(815301076,1909f56bfc062723c751e8b465ee728b)
Start importing Assets/Settings/Sky Definition.asset using Guid(fd1dab60c6b1bce48af4754ed1bea5e9) Importer(815301076,1909f56bfc062723c751e8b465ee728b)  -> (artifact id: 'dc49d95be599c88c1967b0dba49d360b') in 0.002597 seconds
Number of updated asset objects reloaded before import = 0
Number of asset objects unloaded after import = 1
========================================================================
Received Import Request.
  Time since last request: 0.000034 seconds.
  path: Assets/Settings/ForwardRenderer.asset
  artifactKey: Guid(4a8e21d5c33334b11b34a596161b9360) Importer(815301076,1909f56bfc062723c751e8b465ee728b)
Start importing Assets/Settings/ForwardRenderer.asset using Guid(4a8e21d5c33334b11b34a596161b9360) Importer(815301076,1909f56bfc062723c751e8b465ee728b)  -> (artifact id: '4f1523886ccd24537595e9c2a01d0164') in 0.001717 seconds
Number of updated asset objects reloaded before import = 0
Number of asset objects unloaded after import = 3
========================================================================
Received Import Request.
  Time since last request: 0.000014 seconds.
  path: Assets/Settings/Star Definition.asset
  artifactKey: Guid(b994ffc3b0c059243847fc0d8a4ed059) Importer(815301076,1909f56bfc062723c751e8b465ee728b)
Start importing Assets/Settings/Star Definition.asset using Guid(b994ffc3b0c059243847fc0d8a4ed059) Importer(815301076,1909f56bfc062723c751e8b465ee728b)  -> (artifact id: '33784842c02f40a78d459ef35ad6187f') in 0.001828 seconds
Number of updated asset objects reloaded before import = 0
Number of asset objects unloaded after import = 1
========================================================================
Received Import Request.
  Time since last request: 0.821745 seconds.
  path: Assets/Textures/cable.png
  artifactKey: Guid(b1997e76b682a9f40b08a50fcca3365b) Importer(815301076,1909f56bfc062723c751e8b465ee728b)
Start importing Assets/Textures/cable.png using Guid(b1997e76b682a9f40b08a50fcca3365b) Importer(815301076,1909f56bfc062723c751e8b465ee728b)  -> (artifact id: 'd95dff5f65bf6f60ef0e99dbae6a5b5c') in 0.025825 seconds
Number of updated asset objects reloaded before import = 0
Number of asset objects unloaded after import = 2
========================================================================
Received Import Request.
  Time since last request: 0.000016 seconds.
  path: Assets/Textures/Trail.png
  artifactKey: Guid(ef670b5cb90dffa42af2f4ce30c9bd20) Importer(815301076,1909f56bfc062723c751e8b465ee728b)
Start importing Assets/Textures/Trail.png using Guid(ef670b5cb90dffa42af2f4ce30c9bd20) Importer(815301076,1909f56bfc062723c751e8b465ee728b)  -> (artifact id: 'f9a6dd6211cfbdd55cdf422c4b1f2246') in 0.010147 seconds
Number of updated asset objects reloaded before import = 0
Number of asset objects unloaded after import = 2
========================================================================
Received Import Request.
  Time since last request: 0.000017 seconds.
  path: Assets/Textures/cannon_DefaultMaterial_Emissive.png
  artifactKey: Guid(80c17de3c5d58c242b6c22c31193bee6) Importer(815301076,1909f56bfc062723c751e8b465ee728b)
Start importing Assets/Textures/cannon_DefaultMaterial_Emissive.png using Guid(80c17de3c5d58c242b6c22c31193bee6) Importer(815301076,1909f56bfc062723c751e8b465ee728b)  -> (artifact id: '73d999f4bb31ddca7b15b1dbddeeeb1d') in 0.013584 seconds
Number of updated asset objects reloaded before import = 0
Number of asset objects unloaded after import = 2
========================================================================
Received Import Request.
  Time since last request: 0.000015 seconds.
  path: Assets/Textures/hand_DefaultMaterial_Emissive.png
  artifactKey: Guid(325731889f9f4884e887f4766255bc3a) Importer(815301076,1909f56bfc062723c751e8b465ee728b)
Start importing Assets/Textures/hand_DefaultMaterial_Emissive.png using Guid(325731889f9f4884e887f4766255bc3a) Importer(815301076,1909f56bfc062723c751e8b465ee728b)  -> (artifact id: 'a3b799fa7335d9b697a078791b4398d9') in 0.013610 seconds
Number of updated asset objects reloaded before import = 0
Number of asset objects unloaded after import = 2
========================================================================
Received Import Request.
  Time since last request: 0.000014 seconds.
  path: Assets/Textures/drone_Alpha_Body_MAT_Emissive.png
  artifactKey: Guid(c1c7b7cf847142f458dddc6b8188444f) Importer(815301076,1909f56bfc062723c751e8b465ee728b)
Start importing Assets/Textures/drone_Alpha_Body_MAT_Emissive.png using Guid(c1c7b7cf847142f458dddc6b8188444f) Importer(815301076,1909f56bfc062723c751e8b465ee728b)  -> (artifact id: 'a5c0005d827d484928333b755c091a34') in 0.012711 seconds
Number of updated asset objects reloaded before import = 0
Number of asset objects unloaded after import = 2
========================================================================
Received Import Request.
  Time since last request: 0.424820 seconds.
  path: Assets/Sprites/Circle_2.png
  artifactKey: Guid(b71c0bd4807fb8e49b23d9fb56356a9a) Importer(815301076,1909f56bfc062723c751e8b465ee728b)
Start importing Assets/Sprites/Circle_2.png using Guid(b71c0bd4807fb8e49b23d9fb56356a9a) Importer(815301076,1909f56bfc062723c751e8b465ee728b)  -> (artifact id: '61fcf6139796aad1d675552022514c2f') in 0.015533 seconds
Number of updated asset objects reloaded before import = 0
Number of asset objects unloaded after import = 3
========================================================================
Received Import Request.
  Time since last request: 0.000013 seconds.
  path: Assets/Sprites/Zero.png
  artifactKey: Guid(6663e06bd0573af41b2c3906d3ea0c9e) Importer(815301076,1909f56bfc062723c751e8b465ee728b)
Start importing Assets/Sprites/Zero.png using Guid(6663e06bd0573af41b2c3906d3ea0c9e) Importer(815301076,1909f56bfc062723c751e8b465ee728b)  -> (artifact id: '0dc5e2a63eb69b2145724118b3b89498') in 0.010358 seconds
Number of updated asset objects reloaded before import = 0
Number of asset objects unloaded after import = 3
========================================================================
Received Import Request.
  Time since last request: 129.883260 seconds.
  path: Assets/Sounds/GrapplingShoot.wav
  artifactKey: Guid(19988dc9a441a13419ee86d429b7eb27) Importer(815301076,1909f56bfc062723c751e8b465ee728b)
Start importing Assets/Sounds/GrapplingShoot.wav using Guid(19988dc9a441a13419ee86d429b7eb27) Importer(815301076,1909f56bfc062723c751e8b465ee728b)  -> (artifact id: 'bf52fe54fb521d4054d4ac962ba4e0db') in 0.018418 seconds
Number of updated asset objects reloaded before import = 0
Number of asset objects unloaded after import = 2
========================================================================
Received Import Request.
  Time since last request: 0.000025 seconds.
  path: Assets/Sounds/Main.mixer
  artifactKey: Guid(32969537bf51224478c2a458386156ef) Importer(815301076,1909f56bfc062723c751e8b465ee728b)
Start importing Assets/Sounds/Main.mixer using Guid(32969537bf51224478c2a458386156ef) Importer(815301076,1909f56bfc062723c751e8b465ee728b) Refreshing native plugins compatible for Editor in 15.06 ms, found 33 plugins.
Preloading 1 native plugins for Editor in 0.05 ms.
 -> (artifact id: 'ad3257a9e9d189bc704bf0e777fc0cd7') in 0.016888 seconds
Number of updated asset objects reloaded before import = 0
Number of asset objects unloaded after import = 15
========================================================================
Received Import Request.
  Time since last request: 0.000014 seconds.
  path: Assets/Sounds/meganeko - The Cyber Grind (Ultrakill Soundtrack).mp3
  artifactKey: Guid(a36c26f40b21f8740a9b8c9a747adfd2) Importer(815301076,1909f56bfc062723c751e8b465ee728b)
Start importing Assets/Sounds/meganeko - The Cyber Grind (Ultrakill Soundtrack).mp3 using Guid(a36c26f40b21f8740a9b8c9a747adfd2) Importer(815301076,1909f56bfc062723c751e8b465ee728b)  -> (artifact id: 'f3cc6291bbdfac7dfe28b8509087dbfd') in 0.038667 seconds
Number of updated asset objects reloaded before import = 0
Number of asset objects unloaded after import = 2
========================================================================
Received Import Request.
  Time since last request: 130.426867 seconds.
  path: Assets/Materials/Hand.mat
  artifactKey: Guid(0fcc390729f5add4faf052e64e0a4594) Importer(815301076,1909f56bfc062723c751e8b465ee728b)
Start importing Assets/Materials/Hand.mat using Guid(0fcc390729f5add4faf052e64e0a4594) Importer(815301076,1909f56bfc062723c751e8b465ee728b)  -> (artifact id: '6071bdffaaa9290b66095788dda8a182') in 0.014359 seconds
Number of updated asset objects reloaded before import = 0
Number of asset objects unloaded after import = 4
========================================================================
Received Import Request.
  Time since last request: 0.002453 seconds.
  path: Assets/Materials/PaletteOn.mat
  artifactKey: Guid(ad437d214d92197449f4ede5c157085b) Importer(815301076,1909f56bfc062723c751e8b465ee728b)
Start importing Assets/Materials/PaletteOn.mat using Guid(ad437d214d92197449f4ede5c157085b) Importer(815301076,1909f56bfc062723c751e8b465ee728b)  -> (artifact id: 'd7545f590363d4bd0571c0e5803551f9') in 0.566724 seconds
Number of updated asset objects reloaded before import = 0
Number of asset objects unloaded after import = 5
========================================================================
Received Import Request.
  Time since last request: 0.000016 seconds.
  path: Assets/Materials/WorldPalette.mat
  artifactKey: Guid(b88c14922cfb2c348a15e0e226924fc6) Importer(815301076,1909f56bfc062723c751e8b465ee728b)
Start importing Assets/Materials/WorldPalette.mat using Guid(b88c14922cfb2c348a15e0e226924fc6) Importer(815301076,1909f56bfc062723c751e8b465ee728b)  -> (artifact id: '63a73e18f9579919b295114097e56528') in 0.550450 seconds
Number of updated asset objects reloaded before import = 0
Number of asset objects unloaded after import = 6
========================================================================
Received Import Request.
  Time since last request: 0.000020 seconds.
  path: Assets/Materials/WorldPaletteBlue_5.mat
  artifactKey: Guid(7adbc9053bf652f45b12710a233290db) Importer(815301076,1909f56bfc062723c751e8b465ee728b)
Start importing Assets/Materials/WorldPaletteBlue_5.mat using Guid(7adbc9053bf652f45b12710a233290db) Importer(815301076,1909f56bfc062723c751e8b465ee728b)  -> (artifact id: 'a886f9d64b2a4c982b2264516e2e7f8e') in 0.025745 seconds
Number of updated asset objects reloaded before import = 0
Number of asset objects unloaded after import = 6
========================================================================
Received Import Request.
  Time since last request: 0.000013 seconds.
  path: Assets/Materials/WorldPaletteOrange.mat
  artifactKey: Guid(54c218d28629f5d44a0b43889e2269cb) Importer(815301076,1909f56bfc062723c751e8b465ee728b)
Start importing Assets/Materials/WorldPaletteOrange.mat using Guid(54c218d28629f5d44a0b43889e2269cb) Importer(815301076,1909f56bfc062723c751e8b465ee728b)  -> (artifact id: 'cbf01ba81d08686b525965acc18a8b7a') in 0.031886 seconds
Number of updated asset objects reloaded before import = 0
Number of asset objects unloaded after import = 6
========================================================================
Received Import Request.
  Time since last request: 0.000015 seconds.
  path: Assets/Materials/WorldPaletteBlue_3.mat
  artifactKey: Guid(69f904c2ca893d74dab764b1a3941db9) Importer(815301076,1909f56bfc062723c751e8b465ee728b)
Start importing Assets/Materials/WorldPaletteBlue_3.mat using Guid(69f904c2ca893d74dab764b1a3941db9) Importer(815301076,1909f56bfc062723c751e8b465ee728b)  -> (artifact id: 'e79753b24ba5ae5a013c9a3a98853f48') in 0.012551 seconds
Number of updated asset objects reloaded before import = 0
Number of asset objects unloaded after import = 6
========================================================================
Received Import Request.
  Time since last request: 0.000016 seconds.
  path: Assets/Materials/WorldPaletteBlue_4.mat
  artifactKey: Guid(33e478451f93ead40bdf2572a77546b7) Importer(815301076,1909f56bfc062723c751e8b465ee728b)
Start importing Assets/Materials/WorldPaletteBlue_4.mat using Guid(33e478451f93ead40bdf2572a77546b7) Importer(815301076,1909f56bfc062723c751e8b465ee728b)  -> (artifact id: 'fa2d5051f8298f191734633812615a83') in 0.012629 seconds
Number of updated asset objects reloaded before import = 0
Number of asset objects unloaded after import = 6
========================================================================
Received Import Request.
  Time since last request: 0.000013 seconds.
  path: Assets/Materials/Skybox.mat
  artifactKey: Guid(6bab9491248964c418bb46fb2d55d537) Importer(815301076,1909f56bfc062723c751e8b465ee728b)
Start importing Assets/Materials/Skybox.mat using Guid(6bab9491248964c418bb46fb2d55d537) Importer(815301076,1909f56bfc062723c751e8b465ee728b)  -> (artifact id: '797b7d851920753a6d3a7ac201f4fa13') in 0.016707 seconds
Number of updated asset objects reloaded before import = 0
Number of asset objects unloaded after import = 2
========================================================================
Received Import Request.
  Time since last request: 0.000013 seconds.
  path: Assets/Materials/WorldPaletteBlue_2.mat
  artifactKey: Guid(1dc105d24fe18284d95c063d2d94fa1f) Importer(815301076,1909f56bfc062723c751e8b465ee728b)
Start importing Assets/Materials/WorldPaletteBlue_2.mat using Guid(1dc105d24fe18284d95c063d2d94fa1f) Importer(815301076,1909f56bfc062723c751e8b465ee728b)  -> (artifact id: '412fa7f53d16aba24b25aea9d785a84b') in 0.054770 seconds
Number of updated asset objects reloaded before import = 0
Number of asset objects unloaded after import = 7
========================================================================
Received Import Request.
  Time since last request: 2.501724 seconds.
  path: Assets/Materials/Skybox/Side.png
  artifactKey: Guid(7ce296a5fbb281b429fdadd0898dd143) Importer(815301076,1909f56bfc062723c751e8b465ee728b)
Start importing Assets/Materials/Skybox/Side.png using Guid(7ce296a5fbb281b429fdadd0898dd143) Importer(815301076,1909f56bfc062723c751e8b465ee728b)  -> (artifact id: '72a7c3bf94bf0a6ace2b1a8cb8df58f1') in 0.006475 seconds
Number of updated asset objects reloaded before import = 0
Number of asset objects unloaded after import = 2
========================================================================
Received Import Request.
  Time since last request: 0.000020 seconds.
  path: Assets/Materials/Skybox/Skybox_Mat.mat
  artifactKey: Guid(0ffaa0b7117ba8c47a9d05ae701d4b4d) Importer(815301076,1909f56bfc062723c751e8b465ee728b)
Start importing Assets/Materials/Skybox/Skybox_Mat.mat using Guid(0ffaa0b7117ba8c47a9d05ae701d4b4d) Importer(815301076,1909f56bfc062723c751e8b465ee728b)  -> (artifact id: 'd03ea84f1387d3f2827bb6050e1a48c3') in 0.049358 seconds
Number of updated asset objects reloaded before import = 0
Number of asset objects unloaded after import = 2
========================================================================
Received Import Request.
  Time since last request: 27.255125 seconds.
  path: Assets/Models/battery_red.fbx
  artifactKey: Guid(8d02229f06d73504d9e333a1ae134f41) Importer(815301076,1909f56bfc062723c751e8b465ee728b)
Start importing Assets/Models/battery_red.fbx using Guid(8d02229f06d73504d9e333a1ae134f41) Importer(815301076,1909f56bfc062723c751e8b465ee728b)  -> (artifact id: '875e063949c5e1efedc237447e0517f0') in 0.066509 seconds
Number of updated asset objects reloaded before import = 0
Number of asset objects unloaded after import = 31
========================================================================
Received Import Request.
  Time since last request: 0.000017 seconds.
  path: Assets/Models/PlayerHead.blend
  artifactKey: Guid(6a198ba0765d7d54e971db3b6b7cae91) Importer(815301076,1909f56bfc062723c751e8b465ee728b)
Start importing Assets/Models/PlayerHead.blend using Guid(6a198ba0765d7d54e971db3b6b7cae91) Importer(815301076,1909f56bfc062723c751e8b465ee728b)  -> (artifact id: 'eae4e6d6cd0433e14c7f8cd21d0b1f44') in 0.040134 seconds
Number of updated asset objects reloaded before import = 0
Number of asset objects unloaded after import = 21
========================================================================
Received Import Request.
  Time since last request: 0.000019 seconds.
  path: Assets/Models/lever.fbx
  artifactKey: Guid(4c84977fdabb7b542873051b3b9de215) Importer(815301076,1909f56bfc062723c751e8b465ee728b)
Start importing Assets/Models/lever.fbx using Guid(4c84977fdabb7b542873051b3b9de215) Importer(815301076,1909f56bfc062723c751e8b465ee728b)  -> (artifact id: '26d808286db517f6f331d71a3310dbc4') in 0.033638 seconds
Number of updated asset objects reloaded before import = 0
Number of asset objects unloaded after import = 21
========================================================================
Received Import Request.
  Time since last request: 0.000013 seconds.
  path: Assets/Models/human.fbx
  artifactKey: Guid(a22f715aacfdd6e44a9e4736bb7741ca) Importer(815301076,1909f56bfc062723c751e8b465ee728b)
Start importing Assets/Models/human.fbx using Guid(a22f715aacfdd6e44a9e4736bb7741ca) Importer(815301076,1909f56bfc062723c751e8b465ee728b)  -> (artifact id: 'd0efed56d0b2d65931aa6baeff9aaebc') in 0.034868 seconds
Number of updated asset objects reloaded before import = 0
Number of asset objects unloaded after import = 9
========================================================================
Received Import Request.
  Time since last request: 0.000031 seconds.
  path: Assets/Models/sphere_puzzle.fbx
  artifactKey: Guid(86de08e6eeaeb734fb2b2a41df59201a) Importer(815301076,1909f56bfc062723c751e8b465ee728b)
Start importing Assets/Models/sphere_puzzle.fbx using Guid(86de08e6eeaeb734fb2b2a41df59201a) Importer(815301076,1909f56bfc062723c751e8b465ee728b)  -> (artifact id: '78d5046624f7f7deb81676afb4ab2224') in 0.054947 seconds
Number of updated asset objects reloaded before import = 0
Number of asset objects unloaded after import = 26
========================================================================
Received Import Request.
  Time since last request: 0.000017 seconds.
  path: Assets/Models/Map.blend
  artifactKey: Guid(942c938150426d644b1164ff41678161) Importer(815301076,1909f56bfc062723c751e8b465ee728b)
Start importing Assets/Models/Map.blend using Guid(942c938150426d644b1164ff41678161) Importer(815301076,1909f56bfc062723c751e8b465ee728b)  -> (artifact id: 'f03edce1af4424f5a3028288c6bb3436') in 0.163427 seconds
Number of updated asset objects reloaded before import = 0
Number of asset objects unloaded after import = 60
========================================================================
Received Import Request.
  Time since last request: 14.903537 seconds.
  path: Assets/Materials/Pillar/Pillar.fbx
  artifactKey: Guid(acfe4670bf71a534483858fa51500270) Importer(815301076,1909f56bfc062723c751e8b465ee728b)
Start importing Assets/Materials/Pillar/Pillar.fbx using Guid(acfe4670bf71a534483858fa51500270) Importer(815301076,1909f56bfc062723c751e8b465ee728b)  -> (artifact id: '387360ddee2cf33e7ff79d67023f1f03') in 0.019631 seconds
Number of updated asset objects reloaded before import = 0
Number of asset objects unloaded after import = 9
========================================================================
Received Import Request.
  Time since last request: 27.817144 seconds.
  path: Assets/Materials/Pillar/Pillar.mat
  artifactKey: Guid(8c683af429bb9404aaa922ce61f93842) Importer(815301076,1909f56bfc062723c751e8b465ee728b)
Start importing Assets/Materials/Pillar/Pillar.mat using Guid(8c683af429bb9404aaa922ce61f93842) Importer(815301076,1909f56bfc062723c751e8b465ee728b)  -> (artifact id: 'd73196a2a0c6ed9a5a11392681e15264') in 0.005893 seconds
Number of updated asset objects reloaded before import = 0
Number of asset objects unloaded after import = 2
========================================================================
Received Import Request.
  Time since last request: 8.926367 seconds.
  path: Assets/Materials/Pillar/Pillar.fbx
  artifactKey: Guid(acfe4670bf71a534483858fa51500270) Importer(815301076,1909f56bfc062723c751e8b465ee728b)
Start importing Assets/Materials/Pillar/Pillar.fbx using Guid(acfe4670bf71a534483858fa51500270) Importer(815301076,1909f56bfc062723c751e8b465ee728b)  -> (artifact id: 'a0324fe27c3f4da2e0b2616d9995db32') in 0.009925 seconds
Number of updated asset objects reloaded before import = 0
Number of asset objects unloaded after import = 9
========================================================================
Received Import Request.
  Time since last request: 49.426554 seconds.
  path: Assets/Materials/Pillar/Pillar.fbx
  artifactKey: Guid(acfe4670bf71a534483858fa51500270) Importer(815301076,1909f56bfc062723c751e8b465ee728b)
Start importing Assets/Materials/Pillar/Pillar.fbx using Guid(acfe4670bf71a534483858fa51500270) Importer(815301076,1909f56bfc062723c751e8b465ee728b)  -> (artifact id: '3ed9fbaaa76197fcf06c99e3856d9382') in 0.010288 seconds
Number of updated asset objects reloaded before import = 0
Number of asset objects unloaded after import = 9
========================================================================
Received Import Request.
  Time since last request: 64.285602 seconds.
  path: Assets/Materials/Ennemies/Cannon.mat
  artifactKey: Guid(4872639c8dfb9c34ab4c88cfe343ba63) Importer(815301076,1909f56bfc062723c751e8b465ee728b)
Start importing Assets/Materials/Ennemies/Cannon.mat using Guid(4872639c8dfb9c34ab4c88cfe343ba63) Importer(815301076,1909f56bfc062723c751e8b465ee728b)  -> (artifact id: '8fa611a111594c345d478b92899f48fe') in 0.008273 seconds
Number of updated asset objects reloaded before import = 0
Number of asset objects unloaded after import = 4
========================================================================
Received Import Request.
  Time since last request: 1.916578 seconds.
  path: Assets/Materials/Particles/Circle.mat
  artifactKey: Guid(b36fb7ed033b63244b16fc5c5177855c) Importer(815301076,1909f56bfc062723c751e8b465ee728b)
Start importing Assets/Materials/Particles/Circle.mat using Guid(b36fb7ed033b63244b16fc5c5177855c) Importer(815301076,1909f56bfc062723c751e8b465ee728b)  -> (artifact id: '43ced38db2eb1696473faf4b953a4fdb') in 0.009118 seconds
Number of updated asset objects reloaded before import = 0
Number of asset objects unloaded after import = 3
========================================================================
Received Import Request.
  Time since last request: 0.000015 seconds.
  path: Assets/Materials/Particles/Zero.mat
  artifactKey: Guid(a046def7fd4587340a8987c0483f5225) Importer(815301076,1909f56bfc062723c751e8b465ee728b)
Start importing Assets/Materials/Particles/Zero.mat using Guid(a046def7fd4587340a8987c0483f5225) Importer(815301076,1909f56bfc062723c751e8b465ee728b)  -> (artifact id: '0c94c0434cb0ba56aa8550cdca542fb2') in 0.015503 seconds
Number of updated asset objects reloaded before import = 0
Number of asset objects unloaded after import = 3
========================================================================
Received Import Request.
  Time since last request: 1.038123 seconds.
  path: Assets/Materials/Misc/Prototype.mat
  artifactKey: Guid(663b0fb867f77e34e9d324ec33df7a29) Importer(815301076,1909f56bfc062723c751e8b465ee728b)
Start importing Assets/Materials/Misc/Prototype.mat using Guid(663b0fb867f77e34e9d324ec33df7a29) Importer(815301076,1909f56bfc062723c751e8b465ee728b)  -> (artifact id: '3f72da299353f19d1addce9f19432048') in 0.007116 seconds
Number of updated asset objects reloaded before import = 0
Number of asset objects unloaded after import = 3
========================================================================
Received Import Request.
  Time since last request: 0.000012 seconds.
  path: Assets/Materials/Misc/Prototype_Red.mat
  artifactKey: Guid(bb00aebb2b7ecb742b5109f93ecf0995) Importer(815301076,1909f56bfc062723c751e8b465ee728b)
Start importing Assets/Materials/Misc/Prototype_Red.mat using Guid(bb00aebb2b7ecb742b5109f93ecf0995) Importer(815301076,1909f56bfc062723c751e8b465ee728b)  -> (artifact id: 'bb2a890994b830a5e235a439bba58e2a') in 0.331197 seconds
Number of updated asset objects reloaded before import = 0
Number of asset objects unloaded after import = 3
========================================================================
Received Import Request.
  Time since last request: 0.886569 seconds.
  path: Assets/Materials/Portal/Portal.mat
  artifactKey: Guid(9dc34d1a6a6db264d8fcc739648d514b) Importer(815301076,1909f56bfc062723c751e8b465ee728b)
Start importing Assets/Materials/Portal/Portal.mat using Guid(9dc34d1a6a6db264d8fcc739648d514b) Importer(815301076,1909f56bfc062723c751e8b465ee728b)  -> (artifact id: '90ff5237e4e5ec4a653932ec18fd2f1b') in 0.013215 seconds
Number of updated asset objects reloaded before import = 0
Number of asset objects unloaded after import = 3
========================================================================
Received Import Request.
  Time since last request: 2.911367 seconds.
  path: Assets/Materials/World
  artifactKey: Guid(ed18872a4dc9ece42b75935b38c05ee0) Importer(815301076,1909f56bfc062723c751e8b465ee728b)
Start importing Assets/Materials/World using Guid(ed18872a4dc9ece42b75935b38c05ee0) Importer(815301076,1909f56bfc062723c751e8b465ee728b)  -> (artifact id: 'f356db4b019743dd1ef657a394edf71d') in 0.000807 seconds
Number of updated asset objects reloaded before import = 0
Number of asset objects unloaded after import = 0
========================================================================
Received Import Request.
  Time since last request: 0.459553 seconds.
  path: Assets/Materials/Weapons
  artifactKey: Guid(71a4599d5e56f914088b9e8f08b52229) Importer(815301076,1909f56bfc062723c751e8b465ee728b)
Start importing Assets/Materials/Weapons using Guid(71a4599d5e56f914088b9e8f08b52229) Importer(815301076,1909f56bfc062723c751e8b465ee728b)  -> (artifact id: 'a291e1ed0b7c7886fa4572124127caf1') in 0.000442 seconds
Number of updated asset objects reloaded before import = 0
Number of asset objects unloaded after import = 0
========================================================================
Received Import Request.
  Time since last request: 0.563201 seconds.
  path: Assets/Materials/Skybox
  artifactKey: Guid(2c7316a3e0020034ea91cfe1bae62f97) Importer(815301076,1909f56bfc062723c751e8b465ee728b)
Start importing Assets/Materials/Skybox using Guid(2c7316a3e0020034ea91cfe1bae62f97) Importer(815301076,1909f56bfc062723c751e8b465ee728b)  -> (artifact id: '36f50e1e3a07fad1aad2b88eb3e11a34') in 0.000528 seconds
Number of updated asset objects reloaded before import = 0
Number of asset objects unloaded after import = 0
========================================================================
Received Import Request.
  Time since last request: 11.821093 seconds.
  path: Assets/Materials/Pillar
  artifactKey: Guid(67d6ffaca8e9c9f429c40ef2fc96ec1e) Importer(815301076,1909f56bfc062723c751e8b465ee728b)
Start importing Assets/Materials/Pillar using Guid(67d6ffaca8e9c9f429c40ef2fc96ec1e) Importer(815301076,1909f56bfc062723c751e8b465ee728b)  -> (artifact id: '51cd3f8f4c4c2f8a56ca1eb723fe8ff5') in 0.000373 seconds
Number of updated asset objects reloaded before import = 0
Number of asset objects unloaded after import = 0
========================================================================
Received Import Request.
  Time since last request: 81.048184 seconds.
  path: Assets/Textures/Ground/forest_ground_04_diff_8k.jpg
  artifactKey: Guid(5bb065c9a77667f46b501b1d2808ec2a) Importer(815301076,1909f56bfc062723c751e8b465ee728b)
Start importing Assets/Textures/Ground/forest_ground_04_diff_8k.jpg using Guid(5bb065c9a77667f46b501b1d2808ec2a) Importer(815301076,1909f56bfc062723c751e8b465ee728b)  -> (artifact id: '81be1b3dc903293bb816752137c78b80') in 0.022034 seconds
Number of updated asset objects reloaded before import = 0
Number of asset objects unloaded after import = 2
========================================================================
Received Import Request.
  Time since last request: 0.000015 seconds.
  path: Assets/Textures/Ground/forest_ground_04_nor_gl_8k.jpg
  artifactKey: Guid(bfe30598e1cd81a4b81a28d1dd735f9a) Importer(815301076,1909f56bfc062723c751e8b465ee728b)
Start importing Assets/Textures/Ground/forest_ground_04_nor_gl_8k.jpg using Guid(bfe30598e1cd81a4b81a28d1dd735f9a) Importer(815301076,1909f56bfc062723c751e8b465ee728b)  -> (artifact id: '32ef990c5b9ec4d674e878cc5756393b') in 0.036160 seconds
Number of updated asset objects reloaded before import = 0
Number of asset objects unloaded after import = 2
========================================================================
Received Import Request.
  Time since last request: 163.912569 seconds.
  path: Assets/Bakery/BakeryMetaPass.cginc
  artifactKey: Guid(1d6fa63b3a54ade469dc0fa038f0c81b) Importer(815301076,1909f56bfc062723c751e8b465ee728b)
Start importing Assets/Bakery/BakeryMetaPass.cginc using Guid(1d6fa63b3a54ade469dc0fa038f0c81b) Importer(815301076,1909f56bfc062723c751e8b465ee728b)  -> (artifact id: '903bf60136540806189898e55c841812') in 0.001206 seconds
Number of updated asset objects reloaded before import = 0
Number of asset objects unloaded after import = 1
========================================================================
Received Import Request.
  Time since last request: 0.002870 seconds.
  path: Assets/Bakery/ftDefaultAreaLightMat.mat
  artifactKey: Guid(ea803d5e2c877f84e8ca6599c9cefb15) Importer(815301076,1909f56bfc062723c751e8b465ee728b)
Start importing Assets/Bakery/ftDefaultAreaLightMat.mat using Guid(ea803d5e2c877f84e8ca6599c9cefb15) Importer(815301076,1909f56bfc062723c751e8b465ee728b)  -> (artifact id: '03f97c12550fe947c64837e2bc71993e') in 0.007611 seconds
Number of updated asset objects reloaded before import = 0
Number of asset objects unloaded after import = 2
========================================================================
Received Import Request.
  Time since last request: 0.000015 seconds.
  path: Assets/Bakery/ftFarSphereRenderBase.cginc
  artifactKey: Guid(39e1e2e9bb9edd249be122365cd7f27b) Importer(815301076,1909f56bfc062723c751e8b465ee728b)
Start importing Assets/Bakery/ftFarSphereRenderBase.cginc using Guid(39e1e2e9bb9edd249be122365cd7f27b) Importer(815301076,1909f56bfc062723c751e8b465ee728b)  -> (artifact id: 'df60193569a2909a95e2cf90726e20d1') in 0.001009 seconds
Number of updated asset objects reloaded before import = 0
Number of asset objects unloaded after import = 1
========================================================================
Received Import Request.
  Time since last request: 0.000013 seconds.
  path: Assets/Bakery/emptyDirection.tga
  artifactKey: Guid(04afea73344b7d049b5b7ac5ae315dd5) Importer(815301076,1909f56bfc062723c751e8b465ee728b)
Start importing Assets/Bakery/emptyDirection.tga using Guid(04afea73344b7d049b5b7ac5ae315dd5) Importer(815301076,1909f56bfc062723c751e8b465ee728b)  -> (artifact id: '582f8a4404574d502835555d81d9bfed') in 0.005967 seconds
Number of updated asset objects reloaded before import = 0
Number of asset objects unloaded after import = 2
========================================================================
Received Import Request.
  Time since last request: 0.000013 seconds.
  path: Assets/Bakery/ftDefaultGlobalStorage.asset
  artifactKey: Guid(f4b25053f1346cc4e8e1208e07ec0360) Importer(815301076,1909f56bfc062723c751e8b465ee728b)
Start importing Assets/Bakery/ftDefaultGlobalStorage.asset using Guid(f4b25053f1346cc4e8e1208e07ec0360) Importer(815301076,1909f56bfc062723c751e8b465ee728b)  -> (artifact id: '97b8ced13b78c582ebe724a010005726') in 0.002821 seconds
Number of updated asset objects reloaded before import = 0
Number of asset objects unloaded after import = 1
========================================================================
Received Import Request.
  Time since last request: 0.615872 seconds.
  path: Assets/BakeryLightmaps/Level_1.0_LM0_final.hdr
  artifactKey: Guid(54f0fad7e2b01584c90c7e385ca9e638) Importer(815301076,1909f56bfc062723c751e8b465ee728b)
Start importing Assets/BakeryLightmaps/Level_1.0_LM0_final.hdr using Guid(54f0fad7e2b01584c90c7e385ca9e638) Importer(815301076,1909f56bfc062723c751e8b465ee728b)  -> (artifact id: '6182abf15af298447fc154b44765e5fe') in 0.024534 seconds
Number of updated asset objects reloaded before import = 0
Number of asset objects unloaded after import = 2
========================================================================
Received Import Request.
  Time since last request: 0.000018 seconds.
  path: Assets/BakeryLightmaps/SampleScene_LMA1_final.hdr
  artifactKey: Guid(bd0e8c9ef89f8dd42a4e93dbee86ae57) Importer(815301076,1909f56bfc062723c751e8b465ee728b)
Start importing Assets/BakeryLightmaps/SampleScene_LMA1_final.hdr using Guid(bd0e8c9ef89f8dd42a4e93dbee86ae57) Importer(815301076,1909f56bfc062723c751e8b465ee728b)  -> (artifact id: '5cc49afb4215bf0cb6262a9bbccba986') in 0.006098 seconds
Number of updated asset objects reloaded before import = 0
Number of asset objects unloaded after import = 2
========================================================================
Received Import Request.
  Time since last request: 0.000016 seconds.
  path: Assets/BakeryLightmaps/Playground_LM0_final.hdr
  artifactKey: Guid(85fd69fb06514764cb1624351ec0e0a8) Importer(815301076,1909f56bfc062723c751e8b465ee728b)
Start importing Assets/BakeryLightmaps/Playground_LM0_final.hdr using Guid(85fd69fb06514764cb1624351ec0e0a8) Importer(815301076,1909f56bfc062723c751e8b465ee728b)  -> (artifact id: 'ac9ef84e2588ee5edf52f81cdfefa8bf') in 0.014520 seconds
Number of updated asset objects reloaded before import = 0
Number of asset objects unloaded after import = 2
========================================================================
Received Import Request.
  Time since last request: 0.000018 seconds.
  path: Assets/BakeryLightmaps/Level_1.0_LMA2_final.hdr
  artifactKey: Guid(cd3c45cc8da17134bb74bc0b3575a851) Importer(815301076,1909f56bfc062723c751e8b465ee728b)
Start importing Assets/BakeryLightmaps/Level_1.0_LMA2_final.hdr using Guid(cd3c45cc8da17134bb74bc0b3575a851) Importer(815301076,1909f56bfc062723c751e8b465ee728b)  -> (artifact id: '817c2be3e4fafe29b199a64b2b27d4f0') in 0.016041 seconds
Number of updated asset objects reloaded before import = 0
Number of asset objects unloaded after import = 2
========================================================================
Received Import Request.
  Time since last request: 0.000017 seconds.
  path: Assets/BakeryLightmaps/Playground_LMA3_mask.tga
  artifactKey: Guid(b11f23631addfdd47aeaf2cb55efb168) Importer(815301076,1909f56bfc062723c751e8b465ee728b)
Start importing Assets/BakeryLightmaps/Playground_LMA3_mask.tga using Guid(b11f23631addfdd47aeaf2cb55efb168) Importer(815301076,1909f56bfc062723c751e8b465ee728b)  -> (artifact id: '52fef219a773e6fdb9448a27a7675cd5') in 0.007237 seconds
Number of updated asset objects reloaded before import = 0
Number of asset objects unloaded after import = 2
========================================================================
Received Import Request.
  Time since last request: 0.000016 seconds.
  path: Assets/BakeryLightmaps/Tutorial_LM0_final.hdr
  artifactKey: Guid(2cc854c85acdf3445adf6775c539573b) Importer(815301076,1909f56bfc062723c751e8b465ee728b)
Start importing Assets/BakeryLightmaps/Tutorial_LM0_final.hdr using Guid(2cc854c85acdf3445adf6775c539573b) Importer(815301076,1909f56bfc062723c751e8b465ee728b)  -> (artifact id: 'b7a12674e44e4fccd033484a9dd9c634') in 0.046029 seconds
Number of updated asset objects reloaded before import = 0
Number of asset objects unloaded after import = 2
========================================================================
Received Import Request.
  Time since last request: 0.000018 seconds.
  path: Assets/BakeryLightmaps/Playground_LMA4_final.hdr
  artifactKey: Guid(fe0e2a6e609ef3440a0f179ac951f650) Importer(815301076,1909f56bfc062723c751e8b465ee728b)
Start importing Assets/BakeryLightmaps/Playground_LMA4_final.hdr using Guid(fe0e2a6e609ef3440a0f179ac951f650) Importer(815301076,1909f56bfc062723c751e8b465ee728b)  -> (artifact id: '1f7dcfe6c5a8812f973b97872b76ae1c') in 0.008608 seconds
Number of updated asset objects reloaded before import = 0
Number of asset objects unloaded after import = 2
========================================================================
Received Import Request.
  Time since last request: 0.000022 seconds.
  path: Assets/BakeryLightmaps/Tutorial_LMA5_mask.tga
  artifactKey: Guid(f58e8c93db5f32548a52135df53ce157) Importer(815301076,1909f56bfc062723c751e8b465ee728b)
Start importing Assets/BakeryLightmaps/Tutorial_LMA5_mask.tga using Guid(f58e8c93db5f32548a52135df53ce157) Importer(815301076,1909f56bfc062723c751e8b465ee728b)  -> (artifact id: '5825f8010c5aac5b70bdf7a11c096bd2') in 0.026486 seconds
Number of updated asset objects reloaded before import = 0
Number of asset objects unloaded after import = 2
========================================================================
Received Import Request.
  Time since last request: 0.000015 seconds.
  path: Assets/BakeryLightmaps/Tutorial_LMA3_mask.tga
  artifactKey: Guid(1c9a138fa881d284e8303b2247580a60) Importer(815301076,1909f56bfc062723c751e8b465ee728b)
Start importing Assets/BakeryLightmaps/Tutorial_LMA3_mask.tga using Guid(1c9a138fa881d284e8303b2247580a60) Importer(815301076,1909f56bfc062723c751e8b465ee728b)  -> (artifact id: '4d5f15aec06b1908a6cf4a3ab90c29f9') in 0.012045 seconds
Number of updated asset objects reloaded before import = 0
Number of asset objects unloaded after import = 2
========================================================================
Received Import Request.
  Time since last request: 0.000015 seconds.
  path: Assets/BakeryLightmaps/Tutorial_LMA3_final.hdr
  artifactKey: Guid(d05e2740c6dc72549914ac02859983a4) Importer(815301076,1909f56bfc062723c751e8b465ee728b)
Start importing Assets/BakeryLightmaps/Tutorial_LMA3_final.hdr using Guid(d05e2740c6dc72549914ac02859983a4) Importer(815301076,1909f56bfc062723c751e8b465ee728b)  -> (artifact id: 'e016df074aad246cbcfc50361d95a025') in 0.016900 seconds
Number of updated asset objects reloaded before import = 0
Number of asset objects unloaded after import = 2
========================================================================
Received Import Request.
  Time since last request: 0.000013 seconds.
  path: Assets/BakeryLightmaps/SampleScene_LM0_mask.tga
  artifactKey: Guid(626f0e79122f42f4b98cf33a15477117) Importer(815301076,1909f56bfc062723c751e8b465ee728b)
Start importing Assets/BakeryLightmaps/SampleScene_LM0_mask.tga using Guid(626f0e79122f42f4b98cf33a15477117) Importer(815301076,1909f56bfc062723c751e8b465ee728b)  -> (artifact id: '6b76f33b25c39aab0f4f5599431cd917') in 0.017515 seconds
Number of updated asset objects reloaded before import = 0
Number of asset objects unloaded after import = 2
========================================================================
Received Import Request.
  Time since last request: 0.000033 seconds.
  path: Assets/BakeryLightmaps/SampleScene_LMA2_mask.tga
  artifactKey: Guid(6db9caad6420a7c468a01bdecd1c0f00) Importer(815301076,1909f56bfc062723c751e8b465ee728b)
Start importing Assets/BakeryLightmaps/SampleScene_LMA2_mask.tga using Guid(6db9caad6420a7c468a01bdecd1c0f00) Importer(815301076,1909f56bfc062723c751e8b465ee728b)  -> (artifact id: 'eb02c532845695b32b7e2b3b16b2cb4a') in 0.005454 seconds
Number of updated asset objects reloaded before import = 0
Number of asset objects unloaded after import = 2
========================================================================
Received Import Request.
  Time since last request: 0.000017 seconds.
  path: Assets/BakeryLightmaps/Tutorial_LMA6_mask.tga
  artifactKey: Guid(047e02df7de765d41a405dbdddc2da86) Importer(815301076,1909f56bfc062723c751e8b465ee728b)
Start importing Assets/BakeryLightmaps/Tutorial_LMA6_mask.tga using Guid(047e02df7de765d41a405dbdddc2da86) Importer(815301076,1909f56bfc062723c751e8b465ee728b)  -> (artifact id: '5b08167a5412acec786f7232ec38480c') in 0.047607 seconds
Number of updated asset objects reloaded before import = 0
Number of asset objects unloaded after import = 2
========================================================================
Received Import Request.
  Time since last request: 0.000015 seconds.
  path: Assets/BakeryLightmaps/LMGroup_Cube.005_final.hdr
  artifactKey: Guid(15ead88b053d47c4d842394c282d9bb4) Importer(815301076,1909f56bfc062723c751e8b465ee728b)
Start importing Assets/BakeryLightmaps/LMGroup_Cube.005_final.hdr using Guid(15ead88b053d47c4d842394c282d9bb4) Importer(815301076,1909f56bfc062723c751e8b465ee728b)  -> (artifact id: 'c92490843802aa660cc180e5f5c66ad8') in 0.016704 seconds
Number of updated asset objects reloaded before import = 0
Number of asset objects unloaded after import = 2
========================================================================
Received Import Request.
  Time since last request: 0.000015 seconds.
  path: Assets/BakeryLightmaps/LMGroup_Cube_final.hdr
  artifactKey: Guid(72d10d3fe20cdb44e8b460c5c33595a8) Importer(815301076,1909f56bfc062723c751e8b465ee728b)
Start importing Assets/BakeryLightmaps/LMGroup_Cube_final.hdr using Guid(72d10d3fe20cdb44e8b460c5c33595a8) Importer(815301076,1909f56bfc062723c751e8b465ee728b)  -> (artifact id: '017374c3e944b6e4b8303f7f6eaa3da2') in 0.047952 seconds
Number of updated asset objects reloaded before import = 0
Number of asset objects unloaded after import = 2
========================================================================
Received Import Request.
  Time since last request: 0.000016 seconds.
  path: Assets/BakeryLightmaps/Tutorial_parkour_LMA1_final.hdr
  artifactKey: Guid(b61d614b37fc4e244b713ea99b6e6dbf) Importer(815301076,1909f56bfc062723c751e8b465ee728b)
Start importing Assets/BakeryLightmaps/Tutorial_parkour_LMA1_final.hdr using Guid(b61d614b37fc4e244b713ea99b6e6dbf) Importer(815301076,1909f56bfc062723c751e8b465ee728b)  -> (artifact id: '395e47daacb32aacc48fa329a4ddd97a') in 0.013766 seconds
Number of updated asset objects reloaded before import = 0
Number of asset objects unloaded after import = 2
========================================================================
Received Import Request.
  Time since last request: 0.000021 seconds.
  path: Assets/BakeryLightmaps/Playground_LMA2_final.hdr
  artifactKey: Guid(27c0496fef7493d4289d29957f4d1f69) Importer(815301076,1909f56bfc062723c751e8b465ee728b)
Start importing Assets/BakeryLightmaps/Playground_LMA2_final.hdr using Guid(27c0496fef7493d4289d29957f4d1f69) Importer(815301076,1909f56bfc062723c751e8b465ee728b)  -> (artifact id: '79b4e8925a600673cf4fe328b2a4ca93') in 0.014308 seconds
Number of updated asset objects reloaded before import = 0
Number of asset objects unloaded after import = 2
========================================================================
Received Import Request.
  Time since last request: 0.000014 seconds.
  path: Assets/BakeryLightmaps/Tutorial_LMA4_final.hdr
  artifactKey: Guid(6f29228d03a5a78498e66cf0171c9495) Importer(815301076,1909f56bfc062723c751e8b465ee728b)
Start importing Assets/BakeryLightmaps/Tutorial_LMA4_final.hdr using Guid(6f29228d03a5a78498e66cf0171c9495) Importer(815301076,1909f56bfc062723c751e8b465ee728b)  -> (artifact id: 'ffe0042b8a1fcbbc89372e7b40389560') in 0.015770 seconds
Number of updated asset objects reloaded before import = 0
Number of asset objects unloaded after import = 2
========================================================================
Received Import Request.
  Time since last request: 0.000023 seconds.
  path: Assets/BakeryLightmaps/Tutorial_parkour_LMA1_mask.tga
  artifactKey: Guid(e5349e1403ddb244b87420d1f950f7ec) Importer(815301076,1909f56bfc062723c751e8b465ee728b)
Start importing Assets/BakeryLightmaps/Tutorial_parkour_LMA1_mask.tga using Guid(e5349e1403ddb244b87420d1f950f7ec) Importer(815301076,1909f56bfc062723c751e8b465ee728b)  -> (artifact id: 'a619ca1be4e2ea6cf53880a0faab574c') in 0.024380 seconds
Number of updated asset objects reloaded before import = 0
Number of asset objects unloaded after import = 2
========================================================================
Received Import Request.
  Time since last request: 0.000018 seconds.
  path: Assets/BakeryLightmaps/Tutorial_LMA2_mask.tga
  artifactKey: Guid(a7c6e0d0870f005409fa68d3510f8400) Importer(815301076,1909f56bfc062723c751e8b465ee728b)
Start importing Assets/BakeryLightmaps/Tutorial_LMA2_mask.tga using Guid(a7c6e0d0870f005409fa68d3510f8400) Importer(815301076,1909f56bfc062723c751e8b465ee728b)  -> (artifact id: 'b66d8da1c165712e3ef920863d168e4c') in 0.026710 seconds
Number of updated asset objects reloaded before import = 0
Number of asset objects unloaded after import = 2
========================================================================
Received Import Request.
  Time since last request: 0.000018 seconds.
  path: Assets/BakeryLightmaps/Tutorial_LMA2_final.hdr
  artifactKey: Guid(c211781985f8a944585e3442b70be7d6) Importer(815301076,1909f56bfc062723c751e8b465ee728b)
Start importing Assets/BakeryLightmaps/Tutorial_LMA2_final.hdr using Guid(c211781985f8a944585e3442b70be7d6) Importer(815301076,1909f56bfc062723c751e8b465ee728b)  -> (artifact id: 'd000d8e8dadaffdbf851c033b1a4e2c8') in 0.044612 seconds
Number of updated asset objects reloaded before import = 0
Number of asset objects unloaded after import = 2
Editor requested this worker to shutdown with reason: Scaling down because of idle timeout
TcpMessagingSession - receive error: operation aborted. errorcode: 995, details: The I/O operation has been aborted because of either a thread exit or an application request.
AssetImportWorker is now disconnected from the server
Process exiting
Exiting without the bug reporter. Application will terminate with return code 0