
=== Sat Feb 19 23:20:53 2022

Packages were changed.
Update Mode: mergeDefaultDependencies

The following packages were added:
  com.unity.collab-proxy@1.15.4
  com.unity.ide.rider@2.0.7
  com.unity.ide.visualstudio@2.0.12
  com.unity.ide.vscode@1.2.4
  com.unity.modules.ai@1.0.0
  com.unity.modules.androidjni@1.0.0
  com.unity.modules.animation@1.0.0
  com.unity.modules.assetbundle@1.0.0
  com.unity.modules.audio@1.0.0
  com.unity.modules.cloth@1.0.0
  com.unity.modules.director@1.0.0
  com.unity.modules.imageconversion@1.0.0
  com.unity.modules.imgui@1.0.0
  com.unity.modules.jsonserialize@1.0.0
  com.unity.modules.particlesystem@1.0.0
  com.unity.modules.physics@1.0.0
  com.unity.modules.physics2d@1.0.0
  com.unity.modules.screencapture@1.0.0
  com.unity.modules.terrain@1.0.0
  com.unity.modules.terrainphysics@1.0.0
  com.unity.modules.tilemap@1.0.0
  com.unity.modules.ui@1.0.0
  com.unity.modules.uielements@1.0.0
  com.unity.modules.umbra@1.0.0
  com.unity.modules.unityanalytics@1.0.0
  com.unity.modules.unitywebrequest@1.0.0
  com.unity.modules.unitywebrequestassetbundle@1.0.0
  com.unity.modules.unitywebrequestaudio@1.0.0
  com.unity.modules.unitywebrequesttexture@1.0.0
  com.unity.modules.unitywebrequestwww@1.0.0
  com.unity.modules.vehicles@1.0.0
  com.unity.modules.video@1.0.0
  com.unity.modules.vr@1.0.0
  com.unity.modules.wind@1.0.0
  com.unity.modules.xr@1.0.0
  com.unity.test-framework@1.1.29
  com.unity.textmeshpro@3.0.6
  com.unity.timeline@1.4.8
  com.unity.ugui@1.0.0

=== Sun Feb 26 15:45:04 2023

Packages were changed.
Update Mode: updateDependencies

The following packages were updated:
  com.unity.collab-proxy from version 1.15.4 to 1.17.7
  com.unity.ide.rider from version 2.0.7 to 3.0.17
  com.unity.ide.visualstudio from version 2.0.12 to 2.0.17
  com.unity.ide.vscode from version 1.2.4 to 1.2.5
  com.unity.render-pipelines.universal from version 10.7.0 to 10.10.1
  com.unity.test-framework from version 1.1.29 to 1.1.33
  com.unity.xr.oculus from version 1.11.2 to 1.13.0
  com.unity.xr.openxr from version 1.3.1 to 1.6.0

=== Sat Feb 10 23:54:25 2024

Packages were changed.
Update Mode: updateDependencies

The following packages were updated:
  com.unity.collab-proxy from version 1.17.7 to 2.0.4
  com.unity.ide.rider from version 3.0.17 to 3.0.21
  com.unity.xr.openxr from version 1.6.0 to 1.7.0

=== Thu Mar 28 19:39:15 2024

Packages were changed.
Update Mode: updateDependencies

The following packages were updated:
  com.unity.collab-proxy from version 2.0.4 to 2.2.0
  com.unity.ide.rider from version 3.0.21 to 3.0.27
  com.unity.ide.visualstudio from version 2.0.18 to 2.0.22
  com.unity.probuilder from version 4.5.2 to 5.2.2
  com.unity.render-pipelines.universal from version 10.10.1 to 12.1.14
  com.unity.timeline from version 1.4.8 to 1.6.5
  com.unity.xr.interaction.toolkit from version 2.0.0-pre.7 to 2.5.2
  com.unity.xr.management from version 4.2.1 to 4.4.0
  com.unity.xr.oculus from version 1.13.1 to 3.3.0
  com.unity.xr.openxr from version 1.7.0 to 1.10.0

=== Thu Mar 28 22:10:05 2024

Packages were changed.
Update Mode: updateDependencies

The following packages were added:
  com.unity.ai.navigation@1.1.5
The following packages were updated:
  com.unity.render-pipelines.universal from version 12.1.14 to 14.0.10
  com.unity.timeline from version 1.6.5 to 1.7.6
  com.unity.xr.oculus from version 3.3.0 to 4.2.0
